[20:15:13] [main/INFO] (FabricLoader/GameProvider) Loading Minecraft 1.21.8 with Fabric Loader 0.17.2
[20:15:14] [main/INFO] (FabricLoader) Loading 8 mods:
	- fabric-api-base 0.4.64+9ec45cd8f3
	- fabric-resource-loader-v0 3.1.11+946bf4c3f3
	- fabricloader 0.17.2
	- java 21
	- meteor-client 1.21.8-36
	- meteor-client-crash-addon 0.1.0
	- minecraft 1.21.8
	- mixinextras 0.5.0
[20:15:14] [main/INFO] (FabricLoader/Mixin) SpongePowered MIXIN Subsystem Version=0.8.7 Source=file:/G:/.gradle/caches/modules-2/files-2.1/net.fabricmc/sponge-mixin/0.16.3+mixin.0.8.7/3e535042688d1265447e52ad86950b7d9678a5fa/sponge-mixin-0.16.3+mixin.0.8.7.jar Service=Knot/Fabric Env=CLIENT
[20:15:14] [main/INFO] (FabricLoader/Mixin) Loaded Fabric development mappings for mixin remapper!
[20:15:14] [main/INFO] (FabricLoader/Mixin) Compatibility level set to JAVA_21
[20:15:15] [main/WARN] (FabricLoader/Mixin) Error loading class: baritone/command/defaults/ComeCommand (java.lang.ClassNotFoundException: baritone/command/defaults/ComeCommand)
[20:15:15] [main/WARN] (FabricLoader/Mixin) @Mixin target baritone.command.defaults.ComeCommand was not found meteor-client-baritone.mixins.json:ComeCommandMixin from mod meteor-client
[20:15:15] [main/INFO] (FabricLoader/MixinExtras|Service) Initializing MixinExtras via com.llamalad7.mixinextras.service.MixinExtrasServiceImpl(version=0.5.0).
[20:15:17] [Datafixer Bootstrap/INFO] (Minecraft) 269 Datafixer optimizations took 597 milliseconds
[20:15:26] [Render thread/INFO] (Minecraft) Environment: Environment[sessionHost=https://sessionserver.mojang.com, servicesHost=https://api.minecraftservices.com, name=PROD]
[20:15:26] [Render thread/INFO] (Minecraft) Setting user: Player344
[20:15:26] [Render thread/INFO] (Minecraft) Backend library: LWJGL version 3.3.3-snapshot
[20:15:27] [Render thread/INFO] (Minecraft) Using optional rendering extensions: GL_ARB_buffer_storage, GL_KHR_debug, GL_ARB_vertex_attrib_binding, GL_ARB_direct_state_access
[20:15:29] [Render thread/INFO] (Minecraft) Reloading ResourceManager: vanilla, fabric, fabric-api-base, fabric-resource-loader-v0, fabricloader, meteor-client, meteor-client-crash-addon
[20:15:29] [Worker-Main-10/INFO] (Minecraft) Found unifont_pua-16.0.03.hex, loading
[20:15:29] [Render thread/INFO] (AddonTemplate) Hello from ExampleMixin!
[20:15:29] [Render thread/INFO] (Meteor Client) Force loading mixins
[20:15:29] [Render thread/INFO] (FabricLoader/Mixin/audit) Force-loading class net.minecraft.client.render.block.entity.AbstractSignBlockEntityRenderer
[20:15:29] [Render thread/INFO] (FabricLoader/Mixin/audit) Force-loading class net.minecraft.network.packet.s2c.play.EntityVelocityUpdateS2CPacket
[20:15:29] [Render thread/INFO] (FabricLoader/Mixin/audit) Force-loading class net.minecraft.client.render.entity.EndCrystalEntityRenderer
[20:15:29] [Render thread/INFO] (FabricLoader/Mixin/audit) Force-loading class net.minecraft.client.particle.FireworksSparkParticle$FireworkParticle
[20:15:30] [Render thread/INFO] (FabricLoader/Mixin/audit) Force-loading class net.minecraft.server.network.SynchronizeRegistriesTask
[20:15:30] [Render thread/INFO] (FabricLoader/Mixin/audit) Force-loading class net.minecraft.client.render.entity.feature.ElytraFeatureRenderer
[20:15:30] [Render thread/INFO] (FabricLoader/Mixin/audit) Force-loading class net.minecraft.client.render.block.entity.EnchantingTableBlockEntityRenderer
[20:15:30] [Render thread/INFO] (FabricLoader/Mixin/audit) Force-loading class net.minecraft.client.resource.ClientDataPackManager
[20:15:30] [Render thread/INFO] (FabricLoader/Mixin/audit) Force-loading class net.minecraft.client.render.entity.model.EndCrystalEntityModel
[20:15:30] [Render thread/INFO] (FabricLoader/Mixin/audit) Force-loading class net.minecraft.client.gui.screen.DisconnectedScreen
[20:15:30] [Render thread/INFO] (FabricLoader/Mixin/audit) Force-loading class net.minecraft.client.world.ClientChunkManager$ClientChunkMap
[20:15:30] [Render thread/INFO] (FabricLoader/Mixin/audit) Force-loading class net.minecraft.world.entity.SectionedEntityCache
[20:15:30] [Render thread/INFO] (FabricLoader/Mixin/audit) Force-loading class net.minecraft.client.render.block.entity.BannerBlockEntityRenderer
[20:15:30] [Worker-Main-9/INFO] (Minecraft) Found unifont_all_no_pua-16.0.03.hex, loading
[20:15:30] [Render thread/INFO] (FabricLoader/Mixin/audit) Force-loading class net.minecraft.client.gui.hud.ChatHudLine
[20:15:30] [Render thread/INFO] (FabricLoader/Mixin/audit) Force-loading class net.minecraft.client.gui.screen.ingame.AbstractFurnaceScreen
[20:15:30] [Render thread/INFO] (FabricLoader/Mixin/audit) Force-loading class net.minecraft.network.packet.c2s.play.PlayerInteractEntityC2SPacket
[20:15:30] [Render thread/INFO] (FabricLoader/Mixin/audit) Force-loading class net.minecraft.client.render.model.BakedQuad
[20:15:30] [Render thread/INFO] (FabricLoader/Mixin/audit) Force-loading class net.minecraft.client.network.ClientPlayNetworkHandler
[20:15:30] [Render thread/INFO] (FabricLoader/Mixin/audit) Force-loading class net.minecraft.client.gui.screen.ingame.CreativeInventoryScreen
[20:15:30] [Render thread/INFO] (FabricLoader/Mixin/audit) Force-loading class net.minecraft.client.gui.screen.ingame.BookEditScreen
[20:15:30] [Render thread/INFO] (FabricLoader/Mixin/audit) Force-loading class net.minecraft.client.render.entity.feature.CapeFeatureRenderer
[20:15:30] [Render thread/INFO] (FabricLoader/Mixin/audit) Force-loading class net.minecraft.server.network.ServerConfigurationNetworkHandler
[20:15:30] [Render thread/INFO] (FabricLoader/Mixin/audit) Force-loading class net.minecraft.client.gui.screen.world.CreateWorldScreen
[20:15:30] [Render thread/INFO] (FabricLoader/Mixin/audit) Force-loading class net.minecraft.server.function.FunctionLoader
[20:15:30] [Render thread/INFO] (FabricLoader/Mixin/audit) Force-loading class net.minecraft.screen.HorseScreenHandler
[20:15:30] [Render thread/INFO] (FabricLoader/Mixin/audit) Force-loading class net.minecraft.client.render.entity.PlayerEntityRenderer
[20:15:30] [Render thread/INFO] (FabricLoader/Mixin/audit) Force-loading class net.minecraft.client.render.entity.feature.ArmorFeatureRenderer
[20:15:30] [Render thread/INFO] (FabricLoader/Mixin/audit) Force-loading class net.minecraft.client.render.block.entity.BeaconBlockEntityRenderer
[20:15:30] [Render thread/INFO] (FabricLoader/Mixin/audit) Force-loading class net.minecraft.network.ClientConnection
[20:15:30] [Render thread/INFO] (FabricLoader/Mixin/audit) Force-loading class net.minecraft.recipe.ServerRecipeManager
[20:15:30] [Render thread/INFO] (FabricLoader/Mixin/audit) Force-loading class net.minecraft.client.gui.screen.pack.ResourcePackOrganizer
[20:15:30] [Render thread/INFO] (FabricLoader/Mixin/audit) Force-loading class net.minecraft.client.render.entity.EntityRenderer
[20:15:30] [Render thread/INFO] (FabricLoader/Mixin/audit) Force-loading class net.minecraft.client.render.entity.feature.HeadFeatureRenderer
[20:15:30] [Render thread/INFO] (FabricLoader/Mixin/audit) Force-loading class net.minecraft.world.chunk.light.ChunkSkyLightProvider
[20:15:30] [Render thread/INFO] (FabricLoader/Mixin/audit) Force-loading class net.minecraft.client.color.world.BiomeColors
[20:15:30] [Worker-Main-9/INFO] (Minecraft) Found unifont_jp_patch-16.0.03.hex, loading
[20:15:30] [Render thread/INFO] (FabricLoader/Mixin/audit) Force-loading class net.minecraft.world.BlockCollisionSpliterator
[20:15:30] [Render thread/INFO] (FabricLoader/Mixin/audit) Force-loading class net.minecraft.network.packet.c2s.play.PlayerMoveC2SPacket
[20:15:30] [Render thread/INFO] (FabricLoader/Mixin/audit) Force-loading class net.minecraft.network.packet.s2c.play.ExplosionS2CPacket
[20:15:30] [Render thread/INFO] (FabricLoader/Mixin/audit) Force-loading class net.minecraft.client.gui.hud.ChatHudLine$Visible
[20:15:30] [Render thread/INFO] (FabricLoader/Mixin/audit) Force-loading class net.minecraft.network.packet.c2s.config.SelectKnownPacksC2SPacket
[20:15:30] [Render thread/INFO] (FabricLoader/Mixin/audit) Force-loading class net.minecraft.client.gui.screen.ChatInputSuggestor
[20:15:30] [Render thread/INFO] (FabricLoader/Mixin/audit) Force-loading class net.minecraft.world.entity.EntityTrackingSection
[20:15:30] [Render thread/INFO] (FabricLoader/Mixin/audit) Force-loading class net.minecraft.client.world.ClientChunkManager
[20:15:30] [Render thread/INFO] (FabricLoader/Mixin/audit) Force-loading class net.minecraft.client.render.entity.ItemEntityRenderer
[20:15:30] [Render thread/INFO] (FabricLoader/Mixin/audit) Force-loading class net.minecraft.client.render.RenderLayers
[20:15:30] [Render thread/INFO] (FabricLoader/Mixin/audit) Force-loading class net.minecraft.world.entity.SimpleEntityLookup
[20:15:30] [Render thread/INFO] (FabricLoader/Mixin/audit) Force-loading class net.minecraft.client.gui.screen.ingame.CreativeInventoryScreen$CreativeSlot
[20:15:30] [Render thread/INFO] (FabricLoader/Mixin/audit) Force-loading class net.minecraft.client.gui.screen.ingame.BookScreen
[20:15:30] [Render thread/INFO] (FabricLoader/Mixin/audit) Force-loading class net.minecraft.test.TestServer
[20:15:30] [Render thread/INFO] (FabricLoader/Mixin/audit) Force-loading class net.minecraft.world.RaycastContext
[20:15:30] [Render thread/INFO] (FabricLoader/Mixin/audit) Force-loading class net.minecraft.server.command.DatapackCommand
[20:15:30] [Render thread/INFO] (FabricLoader/Mixin/audit) Force-loading class net.minecraft.client.util.DefaultSkinHelper
[20:15:30] [Render thread/INFO] (FabricLoader/Mixin/audit) Force-loading class net.minecraft.server.dedicated.ServerPropertiesHandler
[20:15:30] [Render thread/INFO] (FabricLoader/Mixin/audit) Force-loading class net.minecraft.client.gui.DrawContext
[20:15:30] [Render thread/INFO] (FabricLoader/Mixin/audit) Force-loading class net.minecraft.client.render.chunk.ChunkOcclusionDataBuilder
[20:15:30] [Render thread/INFO] (FabricLoader/Mixin/audit) Force-loading class net.minecraft.client.render.entity.LivingEntityRenderer
[20:15:30] [Render thread/INFO] (FabricLoader/Mixin/audit) Force-loading class net.minecraft.client.network.ClientPlayerInteractionManager
[20:15:31] [Render thread/INFO] (FabricLoader/Mixin/audit) Force-loading class net.minecraft.client.input.KeyboardInput
[20:15:31] [Render thread/INFO] (FabricLoader/Mixin/audit) Force-loading class net.minecraft.client.font.TextRenderer$Drawer
[20:15:31] [Render thread/INFO] (FabricLoader/Mixin/audit) Force-loading class net.minecraft.client.gui.screen.ingame.BeaconScreen
[20:15:31] [Render thread/INFO] (FabricLoader/Mixin/audit) Force-loading class net.minecraft.client.gui.screen.multiplayer.ConnectScreen
[20:15:31] [Render thread/INFO] (FabricLoader/Mixin/audit) Force-loading class net.minecraft.client.gui.screen.ingame.AbstractSignEditScreen
[20:15:31] [Render thread/INFO] (FabricLoader/Mixin/audit) Force-loading class net.minecraft.client.gui.screen.ingame.BrewingStandScreen
[20:15:31] [Render thread/INFO] (FabricLoader/Mixin/audit) Force-loading class net.minecraft.server.ServerAdvancementLoader
[20:15:31] [Render thread/INFO] (FabricLoader/Mixin/audit) Force-loading class net.minecraft.client.gui.tooltip.TooltipComponent
[20:15:31] [Render thread/INFO] (FabricLoader/Mixin/audit) Force-loading class net.minecraft.client.render.block.entity.MobSpawnerBlockEntityRenderer
[20:15:31] [Render thread/INFO] (FabricLoader/Mixin/audit) Force-loading class net.minecraft.client.render.WorldRenderer$BrightnessGetter
[20:15:31] [Render thread/INFO] (FabricLoader/Mixin/audit) Force-loading class net.minecraft.client.render.entity.LightningEntityRenderer
[20:15:31] [Render thread/INFO] (Meteor Client) Initializing Meteor Client
[20:15:32] [Render thread/INFO] (Reflections) Reflections took 454 ms to scan 1 urls, producing 24 keys and 962 values
[20:15:32] [Render thread/INFO] (Reflections) Reflections took 7 ms to scan 1 urls, producing 2 keys and 10 values
[20:15:33] [Render thread/INFO] (Meteor Client) Found 106 font families.
[20:15:33] [Render thread/INFO] (Meteor Client) Path Manager: none
[20:15:34] [Render thread/INFO] (AddonTemplate) Initializing meteor client crash addon Made By mari_gold_27153
[20:15:34] [Render thread/INFO] (Meteor Client) Loading
[20:15:34] [Render thread/INFO] (Meteor Client) Loaded in 146 milliseconds
[20:15:35] [Render thread/INFO] (Minecraft) OpenAL initialized on device OpenAL Soft on 스피커(Realtek(R) Audio)
[20:15:35] [Render thread/INFO] (Minecraft) Sound engine started
[20:15:36] [Render thread/INFO] (Minecraft) Created: 1024x512x4 minecraft:textures/atlas/blocks.png-atlas
[20:15:36] [Render thread/INFO] (Minecraft) Created: 256x256x4 minecraft:textures/atlas/signs.png-atlas
[20:15:36] [Render thread/INFO] (Minecraft) Created: 512x512x4 minecraft:textures/atlas/banner_patterns.png-atlas
[20:15:36] [Render thread/INFO] (Minecraft) Created: 512x512x4 minecraft:textures/atlas/shield_patterns.png-atlas
[20:15:36] [Render thread/INFO] (Minecraft) Created: 2048x1024x4 minecraft:textures/atlas/armor_trims.png-atlas
[20:15:36] [Render thread/INFO] (Minecraft) Created: 256x256x4 minecraft:textures/atlas/chest.png-atlas
[20:15:36] [Render thread/INFO] (Minecraft) Created: 128x64x4 minecraft:textures/atlas/decorated_pot.png-atlas
[20:15:36] [Render thread/INFO] (Minecraft) Created: 512x256x4 minecraft:textures/atlas/beds.png-atlas
[20:15:36] [Render thread/INFO] (Minecraft) Created: 512x256x4 minecraft:textures/atlas/shulker_boxes.png-atlas
[20:15:36] [Render thread/INFO] (Minecraft) Created: 64x64x0 minecraft:textures/atlas/map_decorations.png-atlas
[20:15:36] [Render thread/INFO] (Minecraft) Created: 512x256x0 minecraft:textures/atlas/particles.png-atlas
[20:15:36] [Render thread/INFO] (Minecraft) Created: 512x256x0 minecraft:textures/atlas/paintings.png-atlas
[20:15:36] [Render thread/INFO] (Minecraft) Created: 1024x512x0 minecraft:textures/atlas/gui.png-atlas
[20:15:41] [Render thread/INFO] (Minecraft) Loaded 1407 recipes
[20:15:41] [Render thread/INFO] (Minecraft) Loaded 1520 advancements
[20:15:42] [Server thread/INFO] (Minecraft) Starting integrated minecraft server version 1.21.8
[20:15:42] [Server thread/INFO] (Minecraft) Generating keypair
[20:15:42] [Server thread/INFO] (Minecraft) Preparing start region for dimension minecraft:overworld
[20:15:43] [Render thread/INFO] (Minecraft) 스폰 영역 준비 중: 0%
[20:15:43] [Render thread/INFO] (Minecraft) 스폰 영역 준비 중: 0%
[20:15:43] [Render thread/INFO] (Minecraft) Time elapsed: 768 ms
[20:15:44] [Server thread/INFO] (Minecraft) Changing view distance to 12, from 10
[20:15:44] [Server thread/INFO] (Minecraft) Changing simulation distance to 12, from 0
[20:15:45] [Server thread/INFO] (Minecraft) Player344[local:E:7be8c8e8] logged in with entity id 1 at (9.5, -60.0, 4.5)
[20:15:46] [Server thread/INFO] (Minecraft) Player344이(가) 게임에 참여했습니다
[20:15:46] [Render thread/INFO] (Minecraft) Loaded 2 advancements
[20:15:46] [Render thread/INFO] (Minecraft) Resizing Dynamic Transforms UBO, capacity limit of 2 reached during a single frame. New capacity will be 4.
[20:15:46] [Render thread/INFO] (Minecraft) Resizing Dynamic Transforms UBO, capacity limit of 4 reached during a single frame. New capacity will be 8.
[20:15:47] [Render thread/INFO] (Minecraft) Resizing Dynamic Transforms UBO, capacity limit of 8 reached during a single frame. New capacity will be 16.
[20:15:47] [Render thread/INFO] (Minecraft) Resizing Dynamic Transforms UBO, capacity limit of 16 reached during a single frame. New capacity will be 32.
[20:15:47] [Render thread/INFO] (Minecraft) Resizing Dynamic Transforms UBO, capacity limit of 32 reached during a single frame. New capacity will be 64.
[20:15:47] [Render thread/INFO] (Minecraft) Resizing Dynamic Transforms UBO, capacity limit of 64 reached during a single frame. New capacity will be 128.
[20:15:47] [Render thread/INFO] (Minecraft) Resizing Dynamic Transforms UBO, capacity limit of 128 reached during a single frame. New capacity will be 256.
[20:15:47] [Render thread/INFO] (Minecraft) Resizing Dynamic Transforms UBO, capacity limit of 256 reached during a single frame. New capacity will be 512.
[20:15:48] [Server thread/INFO] (Minecraft) Saving and pausing game...
[20:15:48] [Server thread/INFO] (Minecraft) Saving chunks for level 'ServerLevel[새로운 세계]'/minecraft:overworld
[20:15:49] [Server thread/INFO] (Minecraft) Saving chunks for level 'ServerLevel[새로운 세계]'/minecraft:the_end
[20:15:49] [Server thread/INFO] (Minecraft) Saving chunks for level 'ServerLevel[새로운 세계]'/minecraft:the_nether
[20:15:49] [Render thread/INFO] (Meteor Client) Saving
[20:15:49] [Render thread/INFO] (Meteor Client) Saved in 97 milliseconds.
[20:15:49] [Server thread/INFO] (Minecraft) Player344 lost connection: 연결 끊김
[20:15:49] [Server thread/INFO] (Minecraft) Player344이(가) 게임을 떠났습니다
[20:15:49] [Server thread/INFO] (Minecraft) Stopping singleplayer server as player logged out
[20:15:49] [Server thread/INFO] (Minecraft) Stopping server
[20:15:49] [Server thread/INFO] (Minecraft) Saving players
[20:15:49] [Server thread/INFO] (Minecraft) Saving worlds
[20:15:49] [Server thread/INFO] (Minecraft) Saving chunks for level 'ServerLevel[새로운 세계]'/minecraft:overworld
[20:15:54] [Server thread/INFO] (Minecraft) Saving chunks for level 'ServerLevel[새로운 세계]'/minecraft:the_end
[20:15:54] [Server thread/INFO] (Minecraft) Saving chunks for level 'ServerLevel[새로운 세계]'/minecraft:the_nether
[20:15:54] [Server thread/INFO] (Minecraft) ThreadedAnvilChunkStorage (새로운 세계): All chunks are saved
[20:15:54] [Server thread/INFO] (Minecraft) ThreadedAnvilChunkStorage (DIM1): All chunks are saved
[20:15:54] [Server thread/INFO] (Minecraft) ThreadedAnvilChunkStorage (DIM-1): All chunks are saved
[20:15:54] [Server thread/INFO] (Minecraft) ThreadedAnvilChunkStorage: All dimensions are saved
[20:15:55] [Render thread/INFO] (Minecraft) Stopping!
[20:15:55] [Thread-8/INFO] (Meteor Client) Saving
[20:15:55] [Thread-8/INFO] (Meteor Client) Saved in 33 milliseconds.
